GROUP,PACKAGE,CLASS,INSTRUCTION_MISSED,INSTRUCTION_COVERED,BRANCH_MISSED,BRANCH_COVERED,LINE_MISSED,LINE_COVERED,COMPLEXITY_MISSED,COMPLEXITY_COVERED,METHOD_MISSED,METHOD_COVERED
react-demo,com.example.reactdemo.models,Employee,0,52,0,0,0,22,0,15,0,15
react-demo,com.example.reactdemo,ReactDemoApplication,5,3,0,0,2,1,1,1,1,1
react-demo,com.example.reactdemo.controller,EmployeeController,27,12,0,0,6,3,3,3,3,3
react-demo,com.example.reactdemo.exception,EmployeeException,3,4,0,0,2,2,1,1,1,1
react-demo,com.example.reactdemo.service.Impl,EmployeeServieImpl,0,71,1,5,0,17,1,8,0,6
