<?xml version="1.0" encoding="UTF-8"?>
<testsuite xmlns:xsi="http://www.w3.org/2001/XMLSchema-instance" xsi:noNamespaceSchemaLocation="https://maven.apache.org/surefire/maven-surefire-plugin/xsd/surefire-test-report.xsd" name="com.example.reactdemo.service.EmployeeServiceTest" time="0.252" tests="6" errors="0" skipped="0" failures="0">
  <properties>
[...]
</properties>
  <testcase name="employeeExceptionTest" classname="com.example.reactdemo.service.EmployeeServiceTest" time="0.202"/>
  <testcase name="getAllEmployeesTest" classname="com.example.reactdemo.service.EmployeeServiceTest" time="0.004"/>
  <testcase name="addEmployeeTest" classname="com.example.reactdemo.service.EmployeeServiceTest" time="0.019"/>
  <testcase name="getEmployeeByIdTest" classname="com.example.reactdemo.service.EmployeeServiceTest" time="0.009"/>
  <testcase name="deleteEmployeeTest" classname="com.example.reactdemo.service.EmployeeServiceTest" time="0.005"/>
  <testcase name="updateEmployeeTest" classname="com.example.reactdemo.service.EmployeeServiceTest" time="0.004"/>
</testsuite>